              	; --------------------------------------
              	; zasm: assemble "init.asm"
              	; date: 2023-07-09 14:06:13
              	; --------------------------------------


              	;
              	;**************************************************************
              	;*
              	;*                I S H K U R   I N I T
              	;*
              	;*      This program should run when IshkurCP/M first 
              	;*      starts up. It will display a hello banner and
              	;*      load in user settings
              	;*
              	;*      It can also be used to configure on-boot settings
              	;*      by running INIT after the system has booted
              	;*
              	;*	This version of INIT is for the NABU computer with
              	;*      TMS9918 console.
              	;*
              	;**************************************************************
              	;
              	
              	; Equates
0005:         	bdos	equ	0x0005
005C:         	fcb	equ	0x005C
0080:         	cmdlen	equ	0x0080
0081:         	cmdarg	equ	0x0081
              	
00A0:         	tm_data	equ	0xA0	; TMS9918 data register (mode=0)
00A1:         	tm_latc	equ	0xA1	; TMS9918 latch register (mode=1)
              	
              	
              	; Program start
0100:         		org	0x0100
              		
              		; Check to see if we are running for the first time
0100: 3A8000  		ld	a,(cmdlen)
0103: FE02    		cp	2
0105: C26D01  		jp	nz,config
0108: 3A8200  		ld	a,(cmdarg+1)
010B: FEFF    		cp	255
010D: C26D01  		jp	nz,config
              		
              		; Attempt to find INIT.INI
0110: CD7002  		call	openini
0113: CA2401  		jp	z,banner	; Can't open, just exit
              		
0116: CD5B01  		call	docfg
              		
              		; Check which banner to show
0119: 3A6B06  		ld	a,(f18a80)
011C: B7      		or	a
011D: 2805    		jr	z,banner
011F: 117103  		ld	de,splash_80c
0122: 1803    		jr	banner0
              	
              		; Print banner
0124: 11D402  	banner:	ld	de,splash_40c
0127: 0E09    	banner0:ld	c,0x09
0129: CD0500  		call	bdos
              		
              		; See if profile exists
012C: 21A002  		ld	hl,profile
012F: CD7302  		call	openf
0132: C8      		ret	z
              		
              		; It exists, run "SUBMIT PROFILE.SUB"
0133: 21B002  		ld	hl,subfile
0136: CD6102  		call	setf
0139: 0E16    		ld	c,0x16		; Create "$$$.SUB"
013B: CD0500  		call	bdos
              		
              		; Set DMA to bootstrap command
013E: 11C002  		ld	de,subcmd
0141: 0E1A    		ld	c,0x1A
0143: CD0500  		call	bdos
              		
              		; Write the block
0146: 115C00  		ld	de,fcb
0149: 0E15    		ld	c,0x15
014B: CD0500  		call	bdos
              		
              		; Close and exit
014E: 115C00  		ld	de,fcb
0151: 0E10    		ld	c,0x10
0153: CD0500  		call	bdos
0156: 0E00    		ld	c,0x00
0158: C30500  		jp	bdos
              		
              		
              	; Actually does the configuration
015B: CD7D02  	docfg:	call	setdma
015E: 0E14    		ld	c,0x14
0160: 115C00  		ld	de,fcb
0163: CD0500  		call	bdos		; Read file
              		
0166: CD3102  		call	setcol		; Set color
0169: CD4802  		call	setf18
016C: C9      		ret
              			
              		; Do user configuration
              		; Attempt to load INIT.INI
016D: CD7002  	config:	call	openini
0170: CA9B01  		jp	z,cretini	; Can't open, create it!
              		
0173: CD5B01  		call	docfg
              		
0176: 0E09    	prompt:	ld	c,0x09
0178: 118304  		ld	de,cfgmsg
017B: CD0500  		call	bdos
              		
              		; Get user option
017E: 0E0A    		ld	c,0x0A
0180: 116606  		ld	de,inpbuf
0183: CD0500  		call	bdos
0186: 3A6806  		ld	a,(inpbuf+2)
              		
              		; Do commands?
0189: FE31    		cp	'1'
018B: CAC901  		jp	z,cfgcol
018E: FE32    		cp	'2'
0190: CA1A02  		jp	z,cfgf18
              		
              		; Look for exit condition
0193: FE39    		cp	'9'
0195: CAB301  		jp	z,save
              		
0198: 18DC    		jr	prompt
019A: C9      		ret
              		
              		; Create the ini file
019B: 219002  	cretini:ld	hl,inifile
019E: CD6102  		call	setf
01A1: 0E16    		ld	c,0x16
01A3: CD0500  		call	bdos
              		
              		; Default values
01A6: 3EE1    		ld	a,0xE1		; Default color
01A8: 326A06  		ld	(tsmcol),a
01AB: 3E00    		ld	a,0x00		; 80-col disabled
01AD: 326B06  		ld	(f18a80),a
              		
01B0: C37601  		jp	prompt
              		
              		; Save the file and exit
01B3: CD7002  	save:	call	openini
01B6: CD7D02  		call	setdma
01B9: 0E15    		ld	c,0x15
01BB: 115C00  		ld	de,fcb
01BE: CD0500  		call	bdos
              		
              		; Close and exit
01C1: 0E10    		ld	c,0x10
01C3: 115C00  		ld	de,fcb
01C6: C30500  		jp	bdos
              		
              		; Configure colors
01C9: 0E09    	cfgcol:	ld	c,0x09
01CB: 11FD04  		ld	de,colmsg
01CE: CD0500  		call	bdos
              		
              		; Do foreground color
01D1: 0E09    	fgcol:	ld	c,0x09
01D3: 113C06  		ld	de,formsg
01D6: CD0500  		call	bdos
              		
              		; Get user option
01D9: 0E0A    		ld	c,0x0A
01DB: 116606  		ld	de,inpbuf
01DE: CD0500  		call	bdos
01E1: 3A6806  		ld	a,(inpbuf+2)
01E4: CD8502  		call	ltou
01E7: D641    		sub	'A'
01E9: FE10    		cp	16
01EB: 30E4    		jr	nc,fgcol
01ED: 07      		rlca
01EE: 07      		rlca
01EF: 07      		rlca
01F0: 07      		rlca
01F1: 47      		ld	b,a
01F2: C5      		push	bc
              		
              		; Do background color
01F3: 0E09    	bgcol:	ld	c,0x09
01F5: 115106  		ld	de,bacmsg
01F8: CD0500  		call	bdos
              		
              		; Get user option
01FB: 0E0A    		ld	c,0x0A
01FD: 116606  		ld	de,inpbuf
0200: CD0500  		call	bdos
0203: 3A6806  		ld	a,(inpbuf+2)
0206: CD8502  		call	ltou
0209: D641    		sub	'A'
020B: FE10    		cp	16
020D: 30E4    		jr	nc,bgcol
020F: C1      		pop	bc
0210: B0      		or	b
              		
0211: 326A06  		ld	(tsmcol),a
0214: CD3102  		call	setcol
0217: C37601  		jp	prompt
              		
              		; Configure F18A
021A: 3A6B06  	cfgf18:	ld	a,(f18a80)
021D: B7      		or	a
021E: 2806    		jr	z,cfgf180
              		
              		; Disable F18A mode
0220: AF      		xor	a
0221: 326B06  		ld	(f18a80),a
0224: 1805    		jr	cfgf181
              		
              		; Enable F18A mode
0226: 3E01    	cfgf180:ld	a,1
0228: 326B06  		ld	(f18a80),a
              		
              		; Update settings
022B: CD4802  	cfgf181:call	setf18
022E: C37601  		jp	prompt
              		
              	; Sets the TMS9918 color 
0231: 0E02    	setcol:	ld	c,2
0233: 1E1B    		ld	e,0x1B
0235: CD0500  		call	bdos
0238: 0E02    		ld	c,2
023A: 1EFD    		ld	e,0xFD
023C: CD0500  		call	bdos
023F: 0E02    		ld	c,2
0241: 3A6A06  		ld	a,(tsmcol)
0244: 5F      		ld	e,a
0245: C30500  		jp	bdos
              		
              	; Sets the F18A mode
0248: 3A6B06  	setf18:	ld	a,(f18a80)
024B: B7      		or	a
024C: 3EFF    		ld	a,255
024E: 2802    		jr	z,setf180
0250: 3EFE    		ld	a,254
0252: 5F      	setf180:ld	e,a
0253: D5      		push	de
0254: 0E02    		ld	c,2
0256: 1E1B    		ld	e,0x1B
0258: CD0500  		call	bdos
025B: 0E02    		ld	c,2
025D: D1      		pop	de
025E: C30500  		jp	bdos
              		
              	; Sets the FCB for a file open or creation
              	; hl = file prototype
              	;
              	; Returns FCB in DE
              	; uses: af, bc, de, hl 
0261: 115C00  	setf:	ld	de,fcb
0264: D5      		push	de
0265: 011000  		ld	bc,16
0268: EDB0    		ldir
026A: AF      		xor	a
026B: 327C00  		ld	(fcb+0x20),a
026E: D1      		pop	de
026F: C9      		ret
              		
              	; Attempt to open the ini file
              	;
              	; Returns z if failed
              	; uses: all
0270: 219002  	openini:ld	hl,inifile
0273: CD6102  	openf:	call	setf
0276: 0E0F    		ld	c,0x0F
0278: CD0500  		call	bdos
027B: 3C      		inc	a
027C: C9      		ret
              		
              	; Set DMA to top of memory
027D: 116A06  	setdma:	ld	de,top
0280: 0E1A    		ld	c,0x1A
0282: C30500  		jp	bdos
              		
              	; Converts lowercase to uppercase
              	; a = Character to convert
              	;
              	; Returns uppercase in A
              	; uses: af
0285: E67F    	ltou:	and	0x7F
0287: FE61    		cp	0x61		; 'a'
0289: D8      		ret	c
028A: FE7B    		cp	0x7B		; '{'
028C: D0      		ret	nc
028D: D620    		sub	0x20
028F: C9      		ret
              		
              	; Strings
              	
              	; File prototypes
              	; Length: 16 bytes
0290:         	inifile:
0290: 00494E49		defb	0,'INIT    INI',0,0,0,0
0294: 54202020	
0298: 20494E49	
029C: 00000000	
02A0:         	profile:
02A0: 0050524F		defb	0,'PROFILE SUB',0,0,0,0
02A4: 46494C45	
02A8: 20535542	
02AC: 00000000	
02B0:         	subfile:
02B0: 00242424		defb	0,'$$$     SUB',0,0,0,0
02B4: 20202020	
02B8: 20535542	
02BC: 00000000	
              		
              	; Submit command to run PROFILE.SUB
02C0:         	subcmd:
02C0: 12535542		defb	0x12,"SUBMIT PROFILE.SUB",0x00
02C4: 4D495420	
02C8: 50524F46	
02CC: 494C452E	
02D0: 53554200	
              		
02D4:         	splash_40c:
02D4: 80808020		defb	0x80,0x80,0x80,0x20,0x80,0x80,0x80,0x20,0x80,0x20,0x80,0x20,0x80,0x20,0x80,0x20,0x80,0x20,0x80,0x20,0x80,0x80,0x80,' CP/M Version 2.2',0x0A,0x0D
02D8: 80808020	
02DC: 80208020	
02E0: 80208020	
02E4: 80208020	
02E8: 80808020	
02EC: 43502F4D	
02F0: 20566572	
02F4: 73696F6E	
02F8: 20322E32	
02FC: 0A0D    	
02FE: 20802020	    	defb	0x20,0x80,0x20,0x20,0x80,0x20,0x20,0x20,0x80,0x20,0x80,0x20,0x80,0x20,0x80,0x20,0x80,0x20,0x80,0x20,0x80,0x20,0x80,0x0A,0x0D  
0302: 80202020	
0306: 80208020	
030A: 80208020	
030E: 80208020	
0312: 8020800A	
0316: 0D      	
0317: 20802020		defb	0x20,0x80,0x20,0x20,0x80,0x80,0x80,0x20,0x80,0x80,0x80,0x20,0x80,0x80,0x20,0x20,0x80,0x20,0x80,0x20,0x80,0x80,0x20,' Revision BETA',0x0A,0x0D	
031B: 80808020	
031F: 80808020	
0323: 80802020	
0327: 80208020	
032B: 80802020	
032F: 52657669	
0333: 73696F6E	
0337: 20424554	
033B: 410A0D  	
033E: 20802020		defb	0x20,0x80,0x20,0x20,0x20,0x20,0x80,0x20,0x80,0x20,0x80,0x20,0x80,0x20,0x80,0x20,0x80,0x20,0x80,0x20,0x80,0x20,0x80,0x0A,0x0D
0342: 20208020	
0346: 80208020	
034A: 80208020	
034E: 80208020	
0352: 8020800A	
0356: 0D      	
0357: 80808020		defb	0x80,0x80,0x80,0x20,0x80,0x80,0x80,0x20,0x80,0x20,0x80,0x20,0x80,0x20,0x80,0x20,0x80,0x80,0x80,0x20,0x80,0x20,0x80,0x0A,0x0D
035B: 80808020	
035F: 80208020	
0363: 80208020	
0367: 80808020	
036B: 8020800A	
036F: 0D      	
0370: 24      		defb	'$'
              	
0371:         	splash_80c:
              	;	defb	' _____  _____ _    _ _  ___    _ _____   ',0x0A,0x0D
              	;	defb	'|_   _|/ ____| |  | | |/ / |  | |  __ \  ',' CP/M Version 2.2',0x0A,0x0D
              	;	defb	'  | | | (___ | |__| | | /| |  | | |__) | ',0x0A,0x0D
              	;	defb	'  | |  \___ \|  __  |  < | |  | |  _  /  ',' Revision BETA',0x0A,0x0D
              	;	defb	' _| |_ ____) | |  | | . \| |__| | | \ \  ',0x0A,0x0D
              	;	defb	'|_____|_____/|_|  |_|_|\_\\____/|_|  \_\ ',0x0A,0x0D
              	;	defb	'$'
0371: 80808080		defb	0x80,0x80, 0x80,0x80, 0x80,0x80, 0x20,0x20, 0x20,0x80, 0x80,0x80, 0x80,0x80, 0x20,0x20, 0x80,0x80, 0x20,0x20, 0x80,0x80, 0x20,0x20, 0x80,0x80, 0x20,0x20, 0x80,0x80, 0x20,0x20, 0x80,0x80, 0x20,0x20, 0x80,0x80, 0x20,0x20, 0x80,0x80, 0x80,0x80, 0x80,0x20, '  CP/M Version 2.2',0x0A,0x0D
0375: 80802020	
0379: 20808080	
037D: 80802020	
0381: 80802020	
0385: 80802020	
0389: 80802020	
038D: 80802020	
0391: 80802020	
0395: 80802020	
0399: 80808080	
039D: 80202020	
03A1: 43502F4D	
03A5: 20566572	
03A9: 73696F6E	
03AD: 20322E32	
03B1: 0A0D    	
03B3: 20208080	    	defb	0x20,0x20, 0x80,0x80, 0x20,0x20, 0x20,0x20, 0x80,0x80, 0x20,0x20, 0x20,0x20, 0x20,0x20, 0x80,0x80, 0x20,0x20, 0x80,0x80, 0x20,0x20, 0x80,0x80, 0x20,0x20, 0x80,0x80, 0x20,0x20, 0x80,0x80, 0x20,0x20, 0x80,0x80, 0x20,0x20, 0x80,0x80, 0x20,0x20, 0x80,0x80, 0x0A,0x0D  
03B7: 20202020	
03BB: 80802020	
03BF: 20202020	
03C3: 80802020	
03C7: 80802020	
03CB: 80802020	
03CF: 80802020	
03D3: 80802020	
03D7: 80802020	
03DB: 80802020	
03DF: 80800A0D	
03E3: 20208080		defb	0x20,0x20, 0x80,0x80, 0x20,0x20, 0x20,0x20, 0x80,0x80, 0x80,0x80, 0x80,0x80, 0x20,0x20, 0x80,0x80, 0x80,0x80, 0x80,0x80, 0x20,0x20, 0x80,0x80, 0x80,0x80, 0x20,0x20, 0x20,0x20, 0x80,0x80, 0x20,0x20, 0x80,0x80, 0x20,0x20, 0x80,0x80, 0x80,0x80, 0x20,0x20, '  Revision BETA',0x0A,0x0D	
03E7: 20202020	
03EB: 80808080	
03EF: 80802020	
03F3: 80808080	
03F7: 80802020	
03FB: 80808080	
03FF: 20202020	
0403: 80802020	
0407: 80802020	
040B: 80808080	
040F: 20202020	
0413: 52657669	
0417: 73696F6E	
041B: 20424554	
041F: 410A0D  	
0422: 20208080		defb	0x20,0x20, 0x80,0x80, 0x20,0x20, 0x20,0x20, 0x20,0x20, 0x20,0x20, 0x80,0x80, 0x20,0x20, 0x80,0x80, 0x20,0x20, 0x80,0x80, 0x20,0x20, 0x80,0x80, 0x20,0x20, 0x80,0x80, 0x20,0x20, 0x80,0x80, 0x20,0x20, 0x80,0x80, 0x20,0x20, 0x80,0x80, 0x20,0x20, 0x80,0x80, 0x0A,0x0D
0426: 20202020	
042A: 20202020	
042E: 80802020	
0432: 80802020	
0436: 80802020	
043A: 80802020	
043E: 80802020	
0442: 80802020	
0446: 80802020	
044A: 80802020	
044E: 80800A0D	
0452: 80808080		defb	0x80,0x80, 0x80,0x80, 0x80,0x80, 0x20,0x20, 0x80,0x80, 0x80,0x80, 0x80,0x20, 0x20,0x20, 0x80,0x80, 0x20,0x20, 0x80,0x80, 0x20,0x20, 0x80,0x80, 0x20,0x20, 0x80,0x80, 0x20,0x20, 0x20,0x80, 0x80,0x80, 0x80,0x20, 0x20,0x20, 0x80,0x80, 0x20,0x20, 0x80,0x80, 0x0A,0x0D
0456: 80802020	
045A: 80808080	
045E: 80202020	
0462: 80802020	
0466: 80802020	
046A: 80802020	
046E: 80802020	
0472: 20808080	
0476: 80202020	
047A: 80802020	
047E: 80800A0D	
0482: 24      		defb	'$'
              	
0483:         	cfgmsg:
0483: 0A0D4953		defb	0x0A,0x0D,'ISHKUR CP/M Configuration',0x0A,0x0A,0x0D
0487: 484B5552	
048B: 2043502F	
048F: 4D20436F	
0493: 6E666967	
0497: 75726174	
049B: 696F6E0A	
049F: 0A0D    	
              		
04A1: 20202020		defb	'    1: Change TMS9918 Text Color',0x0A,0x0D
04A5: 313A2043	
04A9: 68616E67	
04AD: 6520544D	
04B1: 53393931	
04B5: 38205465	
04B9: 78742043	
04BD: 6F6C6F72	
04C1: 0A0D    	
04C3: 20202020		defb	'    2: Toggle F18A 80 Column Mode',0x0A,0x0D
04C7: 323A2054	
04CB: 6F67676C	
04CF: 65204631	
04D3: 38412038	
04D7: 3020436F	
04DB: 6C756D6E	
04DF: 204D6F64	
04E3: 650A0D  	
04E6: 20202020		defb	'    9: Exit',0x0A,0x0A,0x0D
04EA: 393A2045	
04EE: 7869740A	
04F2: 0A0D    	
04F4: 4F707469		defb	'Option: $'
04F8: 6F6E3A20	
04FC: 24      	
              		
04FD:         	colmsg:
04FD: 0A0D544D		defb	0x0A,0x0D,'TMS9918 Text Color Configuration',0x0A,0x0D
0501: 53393931	
0505: 38205465	
0509: 78742043	
050D: 6F6C6F72	
0511: 20436F6E	
0515: 66696775	
0519: 72617469	
051D: 6F6E0A0D	
0521: 20202020		defb	'    A: Transparent',0x0A,0x0D
0525: 413A2054	
0529: 72616E73	
052D: 70617265	
0531: 6E740A0D	
0535: 20202020		defb	'    B: Black',0x0A,0x0D
0539: 423A2042	
053D: 6C61636B	
0541: 0A0D    	
0543: 20202020		defb	'    C: Medium Green',0x0A,0x0D
0547: 433A204D	
054B: 65646975	
054F: 6D204772	
0553: 65656E0A	
0557: 0D      	
0558: 20202020		defb	'    D: Light Green',0x0A,0x0D
055C: 443A204C	
0560: 69676874	
0564: 20477265	
0568: 656E0A0D	
056C: 20202020		defb	'    E: Dark Blue',0x0A,0x0D
0570: 453A2044	
0574: 61726B20	
0578: 426C7565	
057C: 0A0D    	
057E: 20202020		defb	'    F: Light Blue',0x0A,0x0D
0582: 463A204C	
0586: 69676874	
058A: 20426C75	
058E: 650A0D  	
0591: 20202020		defb	'    G: Dark Red',0x0A,0x0D
0595: 473A2044	
0599: 61726B20	
059D: 5265640A	
05A1: 0D      	
05A2: 20202020		defb	'    H: Cyan',0x0A,0x0D
05A6: 483A2043	
05AA: 79616E0A	
05AE: 0D      	
05AF: 20202020		defb	'    I: Medium Red',0x0A,0x0D
05B3: 493A204D	
05B7: 65646975	
05BB: 6D205265	
05BF: 640A0D  	
05C2: 20202020		defb	'    J: Light Red',0x0A,0x0D
05C6: 4A3A204C	
05CA: 69676874	
05CE: 20526564	
05D2: 0A0D    	
05D4: 20202020		defb	'    K: Dark Yellow',0x0A,0x0D
05D8: 4B3A2044	
05DC: 61726B20	
05E0: 59656C6C	
05E4: 6F770A0D	
05E8: 20202020		defb	'    L: Light Yellow',0x0A,0x0D
05EC: 4C3A204C	
05F0: 69676874	
05F4: 2059656C	
05F8: 6C6F770A	
05FC: 0D      	
05FD: 20202020		defb	'    M: Dark Green',0x0A,0x0D
0601: 4D3A2044	
0605: 61726B20	
0609: 47726565	
060D: 6E0A0D  	
0610: 20202020		defb	'    N: Magenta',0x0A,0x0D
0614: 4E3A204D	
0618: 6167656E	
061C: 74610A0D	
0620: 20202020		defb	'    O: Grey',0x0A,0x0D
0624: 4F3A2047	
0628: 7265790A	
062C: 0D      	
062D: 20202020		defb	'    P: White',0x0A,0x0D,'$'
0631: 503A2057	
0635: 68697465	
0639: 0A0D24  	
              		
063C:         	formsg:	
063C: 0A0D466F		defb	0x0A,0x0D,'Foreground Color: $'
0640: 72656772	
0644: 6F756E64	
0648: 20436F6C	
064C: 6F723A20	
0650: 24      	
0651:         	bacmsg:	
0651: 0A0D4261		defb	0x0A,0x0D,'Background Color: $'
0655: 636B6772	
0659: 6F756E64	
065D: 20436F6C	
0661: 6F723A20	
0665: 24      	
              		
              		
              	; Input buffer
0666: 02000000	inpbuf:	defb	0x02, 0x00, 0x00, 0x00
              		
              	; Top of program, use it to store stuff
066A:         	top:
066A:         	tsmcol	equ	top	; TMS9918 Color (1 byte)
066B:         	f18a80	equ	top+1	; F18A 80 Column (1 byte)


; +++ segments +++

#CODE          = $0100 =   256,  size = $056A =  1386

; +++ global symbols +++

_end       = $066A =  1642          init.asm:30 (unused)
_size      = $056A =  1386          init.asm:30 (unused)
bacmsg     = $0651 =  1617          init.asm:355
banner     = $0124 =   292          init.asm:54
banner0    = $0127 =   295          init.asm:55
bdos       = $0005 =     5          init.asm:20
bgcol      = $01F3 =   499          init.asm:180
cfgcol     = $01C9 =   457          init.asm:154
cfgf18     = $021A =   538          init.asm:201
cfgf180    = $0226 =   550          init.asm:211
cfgf181    = $022B =   555          init.asm:215
cfgmsg     = $0483 =  1155          init.asm:326
cmdarg     = $0081 =   129          init.asm:23
cmdlen     = $0080 =   128          init.asm:22
colmsg     = $04FD =  1277          init.asm:334
config     = $016D =   365          init.asm:99
cretini    = $019B =   411          init.asm:128
docfg      = $015B =   347          init.asm:88
f18a80     = $066B =  1643          init.asm:365
fcb        = $005C =    92          init.asm:21
fgcol      = $01D1 =   465          init.asm:159
formsg     = $063C =  1596          init.asm:353
inifile    = $0290 =   656          init.asm:292
inpbuf     = $0666 =  1638          init.asm:360
ltou       = $0285 =   645          init.asm:280
openf      = $0273 =   627          init.asm:264
openini    = $0270 =   624          init.asm:263
profile    = $02A0 =   672          init.asm:294
prompt     = $0176 =   374          init.asm:104
save       = $01B3 =   435          init.asm:142
setcol     = $0231 =   561          init.asm:219
setdma     = $027D =   637          init.asm:271
setf       = $0261 =   609          init.asm:250
setf18     = $0248 =   584          init.asm:231
setf180    = $0252 =   594          init.asm:236
splash_40c = $02D4 =   724          init.asm:303
splash_80c = $0371 =   881          init.asm:311
subcmd     = $02C0 =   704          init.asm:300
subfile    = $02B0 =   688          init.asm:296
tm_data    = $00A0 =   160          init.asm:25 (unused)
tm_latc    = $00A1 =   161          init.asm:26 (unused)
top        = $066A =  1642          init.asm:363
tsmcol     = $066A =  1642          init.asm:364


total time: 0.0036 sec.
no errors
